0 info it worked if it ends with ok
1 verbose cli [ 'C:\\Program Files (x86)\\nodejs\\node.exe',
1 verbose cli   'C:\\Program Files (x86)\\nodejs\\node_modules\\npm\\bin\\npm-cli.js',
1 verbose cli   'install',
1 verbose cli   'mongoskin',
1 verbose cli   '--save' ]
2 info using npm@2.14.7
3 info using node@v4.2.2
4 verbose install initial load of C:\Users\skumarauel\Desktop\MyGame2016\WhoIam\package.json
5 verbose installManyTop reading scoped package data from C:\Users\skumarauel\Desktop\MyGame2016\WhoIam\node_modules\body-parser\package.json
6 verbose installManyTop reading scoped package data from C:\Users\skumarauel\Desktop\MyGame2016\WhoIam\node_modules\chai\package.json
7 verbose installManyTop reading scoped package data from C:\Users\skumarauel\Desktop\MyGame2016\WhoIam\node_modules\cookie-parser\package.json
8 verbose installManyTop reading scoped package data from C:\Users\skumarauel\Desktop\MyGame2016\WhoIam\node_modules\debug\package.json
9 verbose installManyTop reading scoped package data from C:\Users\skumarauel\Desktop\MyGame2016\WhoIam\node_modules\express\package.json
10 verbose installManyTop reading scoped package data from C:\Users\skumarauel\Desktop\MyGame2016\WhoIam\node_modules\jade\package.json
11 verbose installManyTop reading scoped package data from C:\Users\skumarauel\Desktop\MyGame2016\WhoIam\node_modules\mocha\package.json
12 verbose installManyTop reading scoped package data from C:\Users\skumarauel\Desktop\MyGame2016\WhoIam\node_modules\mongodb\package.json
13 verbose installManyTop reading scoped package data from C:\Users\skumarauel\Desktop\MyGame2016\WhoIam\node_modules\mongoskin\package.json
14 verbose installManyTop reading scoped package data from C:\Users\skumarauel\Desktop\MyGame2016\WhoIam\node_modules\monk\package.json
15 verbose installManyTop reading scoped package data from C:\Users\skumarauel\Desktop\MyGame2016\WhoIam\node_modules\morgan\package.json
16 verbose installManyTop reading scoped package data from C:\Users\skumarauel\Desktop\MyGame2016\WhoIam\node_modules\request\package.json
17 verbose installManyTop reading scoped package data from C:\Users\skumarauel\Desktop\MyGame2016\WhoIam\node_modules\serve-favicon\package.json
18 verbose installManyTop reading scoped package data from C:\Users\skumarauel\Desktop\MyGame2016\WhoIam\node_modules\superagent\package.json
19 info package.json monk@1.0.1 No license field.
20 verbose readDependencies loading dependencies from C:\Users\skumarauel\Desktop\MyGame2016\WhoIam\package.json
21 verbose install mongoskin is installed as 2.0.3
22 silly cache add args [ 'mongoskin', null ]
23 verbose cache add spec mongoskin
24 silly cache add parsed spec Result {
24 silly cache add   raw: 'mongoskin',
24 silly cache add   scope: null,
24 silly cache add   name: 'mongoskin',
24 silly cache add   rawSpec: '',
24 silly cache add   spec: '*',
24 silly cache add   type: 'range' }
25 silly addNamed mongoskin@*
26 verbose addNamed "*" is a valid semver range for mongoskin
27 silly addNameRange { name: 'mongoskin', range: '*', hasData: false }
28 silly mapToRegistry name mongoskin
29 silly mapToRegistry using default registry
30 silly mapToRegistry registry https://registry.npmjs.org/
31 silly mapToRegistry uri https://registry.npmjs.org/mongoskin
32 verbose addNameRange registry:https://registry.npmjs.org/mongoskin not in flight; fetching
33 verbose request uri https://registry.npmjs.org/mongoskin
34 verbose request no auth needed
35 info attempt registry request try #1 at 11:15:16 AM
36 verbose request id c37344f1bfeea1d1
37 verbose etag "AE1M8EQ6NB94Q9TI0IAVDCYIB"
38 http request GET https://registry.npmjs.org/mongoskin
39 http 304 https://registry.npmjs.org/mongoskin
40 verbose headers { date: 'Thu, 11 Feb 2016 00:15:16 GMT',
40 verbose headers   via: '1.1 varnish',
40 verbose headers   'cache-control': 'max-age=300',
40 verbose headers   etag: '"AE1M8EQ6NB94Q9TI0IAVDCYIB"',
40 verbose headers   age: '58',
40 verbose headers   connection: 'keep-alive',
40 verbose headers   'x-served-by': 'cache-syd1626-SYD',
40 verbose headers   'x-cache': 'HIT',
40 verbose headers   'x-cache-hits': '2',
40 verbose headers   'x-timer': 'S1455149716.418802,VS0,VE0',
40 verbose headers   vary: 'Accept' }
41 silly get cb [ 304,
41 silly get   { date: 'Thu, 11 Feb 2016 00:15:16 GMT',
41 silly get     via: '1.1 varnish',
41 silly get     'cache-control': 'max-age=300',
41 silly get     etag: '"AE1M8EQ6NB94Q9TI0IAVDCYIB"',
41 silly get     age: '58',
41 silly get     connection: 'keep-alive',
41 silly get     'x-served-by': 'cache-syd1626-SYD',
41 silly get     'x-cache': 'HIT',
41 silly get     'x-cache-hits': '2',
41 silly get     'x-timer': 'S1455149716.418802,VS0,VE0',
41 silly get     vary: 'Accept' } ]
42 verbose etag https://registry.npmjs.org/mongoskin from cache
43 verbose get saving mongoskin to C:\Users\skumarauel\AppData\Roaming\npm-cache\registry.npmjs.org\mongoskin\.cache.json
44 silly addNameRange number 2 { name: 'mongoskin', range: '*', hasData: true }
45 silly addNameRange versions [ 'mongoskin',
45 silly addNameRange   [ '0.1.0',
45 silly addNameRange     '0.1.1',
45 silly addNameRange     '0.1.2',
45 silly addNameRange     '0.1.3',
45 silly addNameRange     '0.2.0',
45 silly addNameRange     '0.2.1',
45 silly addNameRange     '0.2.2',
45 silly addNameRange     '0.2.3',
45 silly addNameRange     '0.3.0',
45 silly addNameRange     '0.3.3',
45 silly addNameRange     '0.3.4',
45 silly addNameRange     '0.3.5',
45 silly addNameRange     '0.3.6',
45 silly addNameRange     '0.3.7',
45 silly addNameRange     '0.4.0',
45 silly addNameRange     '0.4.1',
45 silly addNameRange     '0.4.2',
45 silly addNameRange     '0.4.3',
45 silly addNameRange     '0.4.4',
45 silly addNameRange     '0.5.0',
45 silly addNameRange     '0.6.0',
45 silly addNameRange     '0.6.1',
45 silly addNameRange     '1.3.20-alpha',
45 silly addNameRange     '1.3.20',
45 silly addNameRange     '1.3.21',
45 silly addNameRange     '1.3.22',
45 silly addNameRange     '1.3.23',
45 silly addNameRange     '1.4.0',
45 silly addNameRange     '1.4.1',
45 silly addNameRange     '1.4.2',
45 silly addNameRange     '1.4.3',
45 silly addNameRange     '1.4.4',
45 silly addNameRange     '1.4.10-beta',
45 silly addNameRange     '1.4.10',
45 silly addNameRange     '1.4.11',
45 silly addNameRange     '1.4.12',
45 silly addNameRange     '1.4.13',
45 silly addNameRange     '2.0.0',
45 silly addNameRange     '2.0.1',
45 silly addNameRange     '2.0.2',
45 silly addNameRange     '2.0.3' ] ]
46 silly addNamed mongoskin@2.0.3
47 verbose addNamed "2.0.3" is a plain semver version for mongoskin
48 silly cache afterAdd mongoskin@2.0.3
49 verbose afterAdd C:\Users\skumarauel\AppData\Roaming\npm-cache\mongoskin\2.0.3\package\package.json not in flight; writing
50 verbose afterAdd C:\Users\skumarauel\AppData\Roaming\npm-cache\mongoskin\2.0.3\package\package.json written
51 silly install resolved [ { name: 'mongoskin',
51 silly install resolved     description: 'The future layer above node-mongodb-native',
51 silly install resolved     version: '2.0.3',
51 silly install resolved     author: { name: 'Gui Lin', email: 'guileen@gmail.com' },
51 silly install resolved     homepage: 'https://github.com/kissjs/node-mongoskin',
51 silly install resolved     repository:
51 silly install resolved      { type: 'git',
51 silly install resolved        url: 'git://github.com/kissjs/node-mongoskin.git' },
51 silly install resolved     bugs: { url: 'https://github.com/kissjs/node-mongoskin/issues' },
51 silly install resolved     main: './index.js',
51 silly install resolved     keywords: [ 'mongodb', 'database', 'nosql' ],
51 silly install resolved     engines: { node: '>= 0.4.0' },
51 silly install resolved     peerDependencies: { mongodb: '~2.0' },
51 silly install resolved     devDependencies:
51 silly install resolved      { istanbul: '0.3.17',
51 silly install resolved        mocha: '~1.17.1',
51 silly install resolved        coveralls: '~2.10.0',
51 silly install resolved        'mocha-lcov-reporter': '0.0.1',
51 silly install resolved        'travis-cov': '~0.2.5',
51 silly install resolved        mongodb: '~2.0',
51 silly install resolved        should: '~3.1.2' },
51 silly install resolved     scripts: { test: 'mocha', coverage: 'istanbul cover _mocha' },
51 silly install resolved     directories: { example: './examples', lib: './lib/mongoskin' },
51 silly install resolved     license: 'MIT',
51 silly install resolved     contributors:
51 silly install resolved      [ [Object],
51 silly install resolved        [Object],
51 silly install resolved        [Object],
51 silly install resolved        [Object],
51 silly install resolved        [Object],
51 silly install resolved        [Object],
51 silly install resolved        [Object],
51 silly install resolved        [Object],
51 silly install resolved        [Object],
51 silly install resolved        [Object],
51 silly install resolved        [Object],
51 silly install resolved        [Object] ],
51 silly install resolved     gitHead: '108628ce641b094e5a9c439c15af761857277bd4',
51 silly install resolved     _id: 'mongoskin@2.0.3',
51 silly install resolved     _shasum: 'fa6d5429b22175c9d481b90c2aabcfdf067a466d',
51 silly install resolved     _from: 'mongoskin@*',
51 silly install resolved     _npmVersion: '2.9.1',
51 silly install resolved     _nodeVersion: '0.12.3',
51 silly install resolved     _npmUser: { name: 'vkarpov15', email: 'val@karpov.io' },
51 silly install resolved     dist:
51 silly install resolved      { shasum: 'fa6d5429b22175c9d481b90c2aabcfdf067a466d',
51 silly install resolved        tarball: 'http://registry.npmjs.org/mongoskin/-/mongoskin-2.0.3.tgz' },
51 silly install resolved     maintainers: [ [Object], [Object], [Object] ],
51 silly install resolved     _resolved: 'https://registry.npmjs.org/mongoskin/-/mongoskin-2.0.3.tgz',
51 silly install resolved     readme: 'ERROR: No README data found!' } ]
52 info install mongoskin@2.0.3 into C:\Users\skumarauel\Desktop\MyGame2016\WhoIam
53 info installOne mongoskin@2.0.3
54 verbose installOne of mongoskin to C:\Users\skumarauel\Desktop\MyGame2016\WhoIam not in flight; installing
55 verbose lock using C:\Users\skumarauel\AppData\Roaming\npm-cache\_locks\mongoskin-e55cd82491a324bd.lock for C:\Users\skumarauel\Desktop\MyGame2016\WhoIam\node_modules\mongoskin
56 silly install write writing mongoskin 2.0.3 to C:\Users\skumarauel\Desktop\MyGame2016\WhoIam\node_modules\mongoskin
57 verbose unbuild node_modules\mongoskin
58 info preuninstall mongoskin@2.0.3
59 info uninstall mongoskin@2.0.3
60 verbose unbuild rmStuff mongoskin@2.0.3 from C:\Users\skumarauel\Desktop\MyGame2016\WhoIam\node_modules
61 info postuninstall mongoskin@2.0.3
62 silly gentlyRm C:\Users\skumarauel\Desktop\MyGame2016\WhoIam\node_modules\mongoskin is being purged from base C:\Users\skumarauel\Desktop\MyGame2016\WhoIam
63 verbose gentlyRm don't care about contents; nuking C:\Users\skumarauel\Desktop\MyGame2016\WhoIam\node_modules\mongoskin
64 silly vacuum-fs purging C:\Users\skumarauel\Desktop\MyGame2016\WhoIam\node_modules\mongoskin
65 silly vacuum-fs quitting because other entries in C:\Users\skumarauel\Desktop\MyGame2016\WhoIam\node_modules
66 verbose tar unpack C:\Users\skumarauel\AppData\Roaming\npm-cache\mongoskin\2.0.3\package.tgz
67 verbose tar unpacking to C:\Users\skumarauel\Desktop\MyGame2016\WhoIam\node_modules\mongoskin
68 silly gentlyRm C:\Users\skumarauel\Desktop\MyGame2016\WhoIam\node_modules\mongoskin is being purged
69 verbose gentlyRm don't care about contents; nuking C:\Users\skumarauel\Desktop\MyGame2016\WhoIam\node_modules\mongoskin
70 silly gunzTarPerm modes [ '777', '666' ]
71 silly gunzTarPerm extractEntry package.json
72 silly gunzTarPerm modified mode [ 'package.json', 436, 438 ]
73 silly gunzTarPerm extractEntry .npmignore
74 silly gunzTarPerm modified mode [ '.npmignore', 436, 438 ]
75 silly gunzTarPerm extractEntry LICENSE
76 silly gunzTarPerm modified mode [ 'LICENSE', 436, 438 ]
77 silly gunzTarPerm extractEntry index.js
78 silly gunzTarPerm modified mode [ 'index.js', 436, 438 ]
79 silly gunzTarPerm extractEntry Readme.md
80 silly gunzTarPerm modified mode [ 'Readme.md', 436, 438 ]
81 silly gunzTarPerm extractEntry History.md
82 silly gunzTarPerm modified mode [ 'History.md', 436, 438 ]
83 silly gunzTarPerm extractEntry Makefile
84 silly gunzTarPerm modified mode [ 'Makefile', 436, 438 ]
85 silly gunzTarPerm extractEntry .jshintrc
86 silly gunzTarPerm modified mode [ '.jshintrc', 436, 438 ]
87 silly gunzTarPerm extractEntry coverage/coverage.json
88 silly gunzTarPerm modified mode [ 'coverage/coverage.json', 436, 438 ]
89 silly gunzTarPerm extractEntry coverage/lcov-report/prettify.js
90 silly gunzTarPerm modified mode [ 'coverage/lcov-report/prettify.js', 436, 438 ]
91 silly gunzTarPerm extractEntry coverage/lcov-report/sorter.js
92 silly gunzTarPerm modified mode [ 'coverage/lcov-report/sorter.js', 436, 438 ]
93 silly gunzTarPerm extractEntry coverage/lcov-report/base.css
94 silly gunzTarPerm modified mode [ 'coverage/lcov-report/base.css', 436, 438 ]
95 silly gunzTarPerm extractEntry coverage/lcov-report/index.html
96 silly gunzTarPerm modified mode [ 'coverage/lcov-report/index.html', 436, 438 ]
97 silly gunzTarPerm extractEntry coverage/lcov-report/node-mongoskin/index.html
98 silly gunzTarPerm modified mode [ 'coverage/lcov-report/node-mongoskin/index.html', 436, 438 ]
99 silly gunzTarPerm extractEntry coverage/lcov-report/node-mongoskin/index.js.html
100 silly gunzTarPerm modified mode [ 'coverage/lcov-report/node-mongoskin/index.js.html', 436, 438 ]
101 silly gunzTarPerm extractEntry coverage/lcov-report/node-mongoskin/lib/grid_store.js.html
102 silly gunzTarPerm modified mode [ 'coverage/lcov-report/node-mongoskin/lib/grid_store.js.html',
102 silly gunzTarPerm   436,
102 silly gunzTarPerm   438 ]
103 silly gunzTarPerm extractEntry coverage/lcov-report/node-mongoskin/lib/admin.js.html
104 silly gunzTarPerm modified mode [ 'coverage/lcov-report/node-mongoskin/lib/admin.js.html',
104 silly gunzTarPerm   436,
104 silly gunzTarPerm   438 ]
105 silly gunzTarPerm extractEntry coverage/lcov-report/node-mongoskin/lib/constant.js.html
106 silly gunzTarPerm modified mode [ 'coverage/lcov-report/node-mongoskin/lib/constant.js.html',
106 silly gunzTarPerm   436,
106 silly gunzTarPerm   438 ]
107 silly gunzTarPerm extractEntry coverage/lcov-report/node-mongoskin/lib/cursor.js.html
108 silly gunzTarPerm modified mode [ 'coverage/lcov-report/node-mongoskin/lib/cursor.js.html',
108 silly gunzTarPerm   436,
108 silly gunzTarPerm   438 ]
109 silly gunzTarPerm extractEntry coverage/lcov-report/node-mongoskin/lib/db.js.html
110 silly gunzTarPerm modified mode [ 'coverage/lcov-report/node-mongoskin/lib/db.js.html',
110 silly gunzTarPerm   436,
110 silly gunzTarPerm   438 ]
111 silly gunzTarPerm extractEntry coverage/lcov-report/node-mongoskin/lib/collection.js.html
112 silly gunzTarPerm modified mode [ 'coverage/lcov-report/node-mongoskin/lib/collection.js.html',
112 silly gunzTarPerm   436,
112 silly gunzTarPerm   438 ]
113 silly gunzTarPerm extractEntry coverage/lcov-report/node-mongoskin/lib/helper.js.html
114 silly gunzTarPerm modified mode [ 'coverage/lcov-report/node-mongoskin/lib/helper.js.html',
114 silly gunzTarPerm   436,
114 silly gunzTarPerm   438 ]
115 silly gunzTarPerm extractEntry coverage/lcov-report/node-mongoskin/lib/index.html
116 silly gunzTarPerm modified mode [ 'coverage/lcov-report/node-mongoskin/lib/index.html',
116 silly gunzTarPerm   436,
116 silly gunzTarPerm   438 ]
117 silly gunzTarPerm extractEntry coverage/lcov-report/node-mongoskin/lib/index.js.html
118 silly gunzTarPerm modified mode [ 'coverage/lcov-report/node-mongoskin/lib/index.js.html',
118 silly gunzTarPerm   436,
118 silly gunzTarPerm   438 ]
119 silly gunzTarPerm extractEntry coverage/lcov-report/node-mongoskin/lib/mongo_client.js.html
120 silly gunzTarPerm modified mode [ 'coverage/lcov-report/node-mongoskin/lib/mongo_client.js.html',
120 silly gunzTarPerm   436,
120 silly gunzTarPerm   438 ]
121 silly gunzTarPerm extractEntry coverage/lcov-report/node-mongoskin/lib/utils.js.html
122 silly gunzTarPerm modified mode [ 'coverage/lcov-report/node-mongoskin/lib/utils.js.html',
122 silly gunzTarPerm   436,
122 silly gunzTarPerm   438 ]
123 silly gunzTarPerm extractEntry coverage/lcov-report/prettify.css
124 silly gunzTarPerm modified mode [ 'coverage/lcov-report/prettify.css', 436, 438 ]
125 silly gunzTarPerm extractEntry coverage/lcov-report/sort-arrow-sprite.png
126 silly gunzTarPerm modified mode [ 'coverage/lcov-report/sort-arrow-sprite.png', 436, 438 ]
127 silly gunzTarPerm extractEntry coverage/lcov.info
128 silly gunzTarPerm modified mode [ 'coverage/lcov.info', 436, 438 ]
129 silly gunzTarPerm extractEntry examples/admin.js
130 silly gunzTarPerm modified mode [ 'examples/admin.js', 436, 438 ]
131 silly gunzTarPerm extractEntry examples/close.js
132 silly gunzTarPerm modified mode [ 'examples/close.js', 436, 438 ]
133 silly gunzTarPerm extractEntry examples/config.js
134 silly gunzTarPerm modified mode [ 'examples/config.js', 436, 438 ]
135 silly gunzTarPerm extractEntry examples/generateId.js
136 silly gunzTarPerm modified mode [ 'examples/generateId.js', 436, 438 ]
137 silly gunzTarPerm extractEntry examples/gridfs.js
138 silly gunzTarPerm modified mode [ 'examples/gridfs.js', 436, 438 ]
139 silly gunzTarPerm extractEntry examples/insert.js
140 silly gunzTarPerm modified mode [ 'examples/insert.js', 436, 438 ]
141 silly gunzTarPerm extractEntry examples/replSetBenchmark.js
142 silly gunzTarPerm modified mode [ 'examples/replSetBenchmark.js', 436, 438 ]
143 silly gunzTarPerm extractEntry examples/replset.js
144 silly gunzTarPerm modified mode [ 'examples/replset.js', 436, 438 ]
145 silly gunzTarPerm extractEntry examples/update.js
146 silly gunzTarPerm modified mode [ 'examples/update.js', 436, 438 ]
147 silly gunzTarPerm extractEntry .travis.yml
148 silly gunzTarPerm modified mode [ '.travis.yml', 436, 438 ]
149 silly gunzTarPerm extractEntry lib/admin.js
150 silly gunzTarPerm modified mode [ 'lib/admin.js', 436, 438 ]
151 silly gunzTarPerm extractEntry lib/collection.js
152 silly gunzTarPerm modified mode [ 'lib/collection.js', 436, 438 ]
153 silly gunzTarPerm extractEntry lib/constant.js
154 silly gunzTarPerm modified mode [ 'lib/constant.js', 436, 438 ]
155 silly gunzTarPerm extractEntry lib/cursor.js
156 silly gunzTarPerm modified mode [ 'lib/cursor.js', 436, 438 ]
157 silly gunzTarPerm extractEntry lib/db.js
158 silly gunzTarPerm modified mode [ 'lib/db.js', 436, 438 ]
159 silly gunzTarPerm extractEntry lib/grid_store.js
160 silly gunzTarPerm modified mode [ 'lib/grid_store.js', 436, 438 ]
161 silly gunzTarPerm extractEntry lib/helper.js
162 silly gunzTarPerm modified mode [ 'lib/helper.js', 436, 438 ]
163 silly gunzTarPerm extractEntry lib/index.js
164 silly gunzTarPerm modified mode [ 'lib/index.js', 436, 438 ]
165 silly gunzTarPerm extractEntry lib/mongo_client.js
166 silly gunzTarPerm modified mode [ 'lib/mongo_client.js', 436, 438 ]
167 silly gunzTarPerm extractEntry lib/utils.js
168 silly gunzTarPerm modified mode [ 'lib/utils.js', 436, 438 ]
169 silly gunzTarPerm extractEntry AUTHORS
170 silly gunzTarPerm modified mode [ 'AUTHORS', 436, 438 ]
171 verbose write writing to C:\Users\skumarauel\Desktop\MyGame2016\WhoIam\node_modules\mongoskin\package.json
172 info preinstall mongoskin@2.0.3
173 verbose readDependencies loading dependencies from C:\Users\skumarauel\Desktop\MyGame2016\WhoIam\node_modules\mongoskin\package.json
174 silly prepareForInstallMany adding mongodb@~2.0 from mongoskin peerDependencies
175 warn peerDependencies The peer dependency mongodb@~2.0 included from mongoskin will no
176 warn peerDependencies longer be automatically installed to fulfill the peerDependency
177 warn peerDependencies in npm 3+. Your application will need to depend on it explicitly.
178 verbose readDependencies loading dependencies from C:\Users\skumarauel\Desktop\MyGame2016\WhoIam\node_modules\mongoskin\package.json
179 silly install resolved []
180 verbose about to build C:\Users\skumarauel\Desktop\MyGame2016\WhoIam\node_modules\mongoskin
181 info build C:\Users\skumarauel\Desktop\MyGame2016\WhoIam\node_modules\mongoskin
182 info linkStuff mongoskin@2.0.3
183 silly linkStuff mongoskin@2.0.3 has C:\Users\skumarauel\Desktop\MyGame2016\WhoIam\node_modules as its parent node_modules
184 verbose linkBins mongoskin@2.0.3
185 verbose linkMans mongoskin@2.0.3
186 verbose rebuildBundles mongoskin@2.0.3
187 info install mongoskin@2.0.3
188 info postinstall mongoskin@2.0.3
189 verbose readDependencies loading dependencies from C:\Users\skumarauel\Desktop\MyGame2016\WhoIam\package.json
190 verbose targetResolver reading package data from C:\Users\skumarauel\Desktop\MyGame2016\WhoIam\node_modules\body-parser\package.json
191 verbose targetResolver reading package data from C:\Users\skumarauel\Desktop\MyGame2016\WhoIam\node_modules\chai\package.json
192 verbose targetResolver reading package data from C:\Users\skumarauel\Desktop\MyGame2016\WhoIam\node_modules\cookie-parser\package.json
193 verbose targetResolver reading package data from C:\Users\skumarauel\Desktop\MyGame2016\WhoIam\node_modules\debug\package.json
194 verbose targetResolver reading package data from C:\Users\skumarauel\Desktop\MyGame2016\WhoIam\node_modules\express\package.json
195 verbose targetResolver reading package data from C:\Users\skumarauel\Desktop\MyGame2016\WhoIam\node_modules\jade\package.json
196 verbose targetResolver reading package data from C:\Users\skumarauel\Desktop\MyGame2016\WhoIam\node_modules\mocha\package.json
197 verbose targetResolver reading package data from C:\Users\skumarauel\Desktop\MyGame2016\WhoIam\node_modules\mongodb\package.json
198 verbose targetResolver reading package data from C:\Users\skumarauel\Desktop\MyGame2016\WhoIam\node_modules\mongoskin\package.json
199 verbose targetResolver reading package data from C:\Users\skumarauel\Desktop\MyGame2016\WhoIam\node_modules\monk\package.json
200 verbose targetResolver reading package data from C:\Users\skumarauel\Desktop\MyGame2016\WhoIam\node_modules\morgan\package.json
201 verbose targetResolver reading package data from C:\Users\skumarauel\Desktop\MyGame2016\WhoIam\node_modules\request\package.json
202 verbose targetResolver reading package data from C:\Users\skumarauel\Desktop\MyGame2016\WhoIam\node_modules\serve-favicon\package.json
203 verbose targetResolver reading package data from C:\Users\skumarauel\Desktop\MyGame2016\WhoIam\node_modules\superagent\package.json
204 verbose targetResolver reading package data from C:\Users\skumarauel\Desktop\MyGame2016\WhoIam\node_modules\.bin\jade\package.json
205 verbose targetResolver reading package data from C:\Users\skumarauel\Desktop\MyGame2016\WhoIam\node_modules\.bin\jade.cmd\package.json
206 verbose targetResolver reading package data from C:\Users\skumarauel\Desktop\MyGame2016\WhoIam\node_modules\.bin\mocha\package.json
207 verbose targetResolver reading package data from C:\Users\skumarauel\Desktop\MyGame2016\WhoIam\node_modules\.bin\mocha.cmd\package.json
208 verbose already installed skipping mongodb@~2.0 C:\Users\skumarauel\Desktop\MyGame2016\WhoIam
209 silly install resolved []
210 verbose unlock done using C:\Users\skumarauel\AppData\Roaming\npm-cache\_locks\mongoskin-e55cd82491a324bd.lock for C:\Users\skumarauel\Desktop\MyGame2016\WhoIam\node_modules\mongoskin
211 verbose validateInstall loading C:\Users\skumarauel\Desktop\MyGame2016\WhoIam\package.json for validation
212 verbose stack Error: The package mongodb@2.1.7 does not satisfy its siblings' peerDependencies requirements!
212 verbose stack     at C:\Program Files (x86)\nodejs\node_modules\npm\lib\install.js:125:32
212 verbose stack     at C:\Program Files (x86)\nodejs\node_modules\npm\lib\install.js:268:7
212 verbose stack     at C:\Program Files (x86)\nodejs\node_modules\npm\node_modules\read-installed\read-installed.js:142:5
212 verbose stack     at C:\Program Files (x86)\nodejs\node_modules\npm\node_modules\read-installed\read-installed.js:263:14
212 verbose stack     at cb (C:\Program Files (x86)\nodejs\node_modules\npm\node_modules\slide\lib\async-map.js:47:24)
212 verbose stack     at C:\Program Files (x86)\nodejs\node_modules\npm\node_modules\read-installed\read-installed.js:263:14
212 verbose stack     at cb (C:\Program Files (x86)\nodejs\node_modules\npm\node_modules\slide\lib\async-map.js:47:24)
212 verbose stack     at C:\Program Files (x86)\nodejs\node_modules\npm\node_modules\read-installed\read-installed.js:263:14
212 verbose stack     at cb (C:\Program Files (x86)\nodejs\node_modules\npm\node_modules\slide\lib\async-map.js:47:24)
212 verbose stack     at C:\Program Files (x86)\nodejs\node_modules\npm\node_modules\read-installed\read-installed.js:263:14
213 verbose cwd C:\Users\skumarauel\Desktop\MyGame2016\WhoIam
214 error Windows_NT 6.1.7601
215 error argv "C:\\Program Files (x86)\\nodejs\\node.exe" "C:\\Program Files (x86)\\nodejs\\node_modules\\npm\\bin\\npm-cli.js" "install" "mongoskin" "--save"
216 error node v4.2.2
217 error npm  v2.14.7
218 error code EPEERINVALID
219 error peerinvalid The package mongodb@2.1.7 does not satisfy its siblings' peerDependencies requirements!
219 error peerinvalid Peer mongoskin@2.0.3 wants mongodb@~2.0
220 verbose exit [ 1, true ]
